* using log directory ‘/Users/dorabeedeng/Desktop/CVEK.Rcheck’
* using R version 3.5.0 (2018-04-23)
* using platform: x86_64-apple-darwin15.6.0 (64-bit)
* using session charset: UTF-8
* checking for file ‘CVEK/DESCRIPTION’ ... OK
* this is package ‘CVEK’ version ‘0.2-0’
* package encoding: UTF-8
* checking package namespace information ... OK
* checking package dependencies ... OK
* checking if this is a source package ... OK
* checking if there is a namespace ... OK
* checking for executable files ... OK
* checking for hidden files and directories ... OK
* checking for portable file names ... OK
* checking for sufficient/correct file permissions ... OK
* checking whether package ‘CVEK’ can be installed ... OK
* checking installed package size ... OK
* checking package directory ... OK
* checking DESCRIPTION meta-information ... OK
* checking top-level files ... OK
* checking for left-over files ... OK
* checking index information ... OK
* checking package subdirectories ... OK
* checking R files for non-ASCII characters ... OK
* checking R files for syntax errors ... OK
* checking whether the package can be loaded ... OK
* checking whether the package can be loaded with stated dependencies ... OK
* checking whether the package can be unloaded cleanly ... OK
* checking whether the namespace can be loaded with stated dependencies ... OK
* checking whether the namespace can be unloaded cleanly ... OK
* checking dependencies in R code ... OK
* checking S3 generic/method consistency ... OK
* checking replacement functions ... OK
* checking foreign function calls ... OK
* checking R code for possible problems ... OK
* checking Rd files ... OK
* checking Rd metadata ... OK
* checking Rd cross-references ... OK
* checking for missing documentation entries ... OK
* checking for code/documentation mismatches ... OK
* checking Rd \usage sections ... OK
* checking Rd contents ... OK
* checking for unstated dependencies in examples ... OK
* checking contents of ‘data’ directory ... OK
* checking data for non-ASCII characters ... OK
* checking data for ASCII and uncompressed saves ... OK
* checking R/sysdata.rda ... OK
* checking examples ... OK
* checking for unstated dependencies in ‘tests’ ... OK
* checking tests ... OK
  Running ‘testthat.R’
* checking PDF version of manual ... WARNING
LaTeX errors when creating PDF version.
This typically indicates Rd problems.
LaTeX errors found:
! Undefined control sequence.
<argument> \hat {u}=\underset 
                              {u \in \Delta }{argmin}\parallel \sum _{d=1}^D...
l.171 0, \parallel u \parallel_1=1\}}{}
                                        Then produce the final ensemble pred...
! Undefined control sequence.
<argument> \hat {u}=\underset 
                              {u \in \Delta }{argmin}\parallel \sum _{d=1}^D...
l.415 0, \parallel u \parallel_1=1\}}{}
                                        Then produce the final ensemble pred...
! Package inputenc Error: Unicode character ̊ (U+30A)
(inputenc)                not set up for use with LaTeX.

See the inputenc package documentation for explanation.
Type  H <return>  for immediate help.
! Package inputenc Error: Unicode character ́ (U+301)
(inputenc)                not set up for use with LaTeX.

See the inputenc package documentation for explanation.
Type  H <return>  for immediate help.
! Package inputenc Error: Unicode character ̊ (U+30A)
(inputenc)                not set up for use with LaTeX.

See the inputenc package documentation for explanation.
Type  H <return>  for immediate help.
! Package inputenc Error: Unicode character ́ (U+301)
(inputenc)                not set up for use with LaTeX.

See the inputenc package documentation for explanation.
Type  H <return>  for immediate help.
! Package inputenc Error: Unicode character ̊ (U+30A)
(inputenc)                not set up for use with LaTeX.

See the inputenc package documentation for explanation.
Type  H <return>  for immediate help.
! Package inputenc Error: Unicode character ́ (U+301)
(inputenc)                not set up for use with LaTeX.

See the inputenc package documentation for explanation.
Type  H <return>  for immediate help.
! Undefined control sequence.
<argument> \lambda _{n-CV}=\underset 
                                     {\lambda \in \Lambda }{argmin}\;\Big \{...
l.1485 \frac{1}{n}I]^{-1}y^\star \Big\}}{}
                                          
! Undefined control sequence.
<argument> \lambda _{AIC}=\underset 
                                    {\lambda \in \Lambda }{argmin}\Big \{log...
l.1490 ...ar+\frac{2[tr(A_\lambda)+2]}{n}\Big\}}{}
                                                  
! Undefined control sequence.
<argument> \lambda _{AICc}=\underset 
                                     {\lambda \in \Lambda }{argmin}\Big \{lo...
l.1496 ...\lambda)+2]}{n-tr(A_\lambda)-3}\Big\}}{}
                                                  
! Undefined control sequence.
<argument> \lambda _{BIC}=\underset 
                                    {\lambda \in \Lambda }{argmin}\Big \{log...
l.1501 ...rac{log(n)[tr(A_\lambda)+2]}{n}\Big\}}{}
                                                  
! Undefined control sequence.
<argument> \lambda _{GCV}=\underset 
                                    {\lambda \in \Lambda }{argmin}\Big \{log...
l.1507 ...r(A_\lambda)}{n}-\frac{1}{n}]_+\Big\}}{}
                                                  
! Undefined control sequence.
<argument> \lambda _{GCVc}=\underset 
                                     {\lambda \in \Lambda }{argmin}\Big \{lo...
l.1513 ...r(A_\lambda)}{n}-\frac{2}{n}]_+\Big\}}{}
                                                  
! Undefined control sequence.
<argument> \lambda _{GMPML}=\underset 
                                      {\lambda \in \Lambda }{argmin}\Big \{l...
l.1519 \Big\}}{}
                
! Undefined control sequence.
<argument> \lambda _{AIC}=\underset 
                                    {\lambda \in \Lambda }{argmin}\Big \{log...
l.1597 ...ar+\frac{2[tr(A_\lambda)+2]}{n}\Big\}}{}
                                                  
! Undefined control sequence.
<argument> \lambda _{AICc}=\underset 
                                     {\lambda \in \Lambda }{argmin}\Big \{lo...
l.1663 ...\lambda)+2]}{n-tr(A_\lambda)-3}\Big\}}{}
                                                  
! Undefined control sequence.
<argument> \lambda _{BIC}=\underset 
                                    {\lambda \in \Lambda }{argmin}\Big \{log...
l.1728 ...rac{log(n)[tr(A_\lambda)+2]}{n}\Big\}}{}
                                                  
! Undefined control sequence.
<argument> \lambda _{GCV}=\underset 
                                    {\lambda \in \Lambda }{argmin}\Big \{log...
l.1794 ...r(A_\lambda)}{n}-\frac{1}{n}]_+\Big\}}{}
                                                  
! Undefined control sequence.
<argument> \lambda _{GCVc}=\underset 
                                     {\lambda \in \Lambda }{argmin}\Big \{lo...
l.1860 ...r(A_\lambda)}{n}-\frac{2}{n}]_+\Big\}}{}
                                                  
! Undefined control sequence.
<argument> \lambda _{GMPML}=\underset 
                                      {\lambda \in \Lambda }{argmin}\Big \{l...
l.1927 \Big\}}{}
                
! Undefined control sequence.
<argument> \lambda _{n-CV}=\underset 
                                     {\lambda \in \Lambda }{argmin}\;\Big \{...
l.1994 \frac{1}{n}I]^{-1}y^\star \Big\}}{}
                                          
* checking PDF version of manual without hyperrefs or index ... ERROR
* DONE
Status: 1 ERROR, 1 WARNING
