Hmm ... looks like a package
This is pdfTeX, Version 3.14159265-2.6-1.40.19 (TeX Live 2018) (preloaded format=pdflatex)
 restricted \write18 enabled.
entering extended mode
(./Rd2.tex
LaTeX2e <2018-04-01> patch level 2
Babel <3.18> and hyphenation patterns for 84 language(s) loaded.

(/usr/local/texlive/2018/texmf-dist/tex/latex/base/book.cls
Document Class: book 2014/09/29 v1.4h Standard LaTeX document class
(/usr/local/texlive/2018/texmf-dist/tex/latex/base/bk10.clo))
(/Library/Frameworks/R.framework/Resources/share/texmf/tex/latex/Rd.sty
(/usr/local/texlive/2018/texmf-dist/tex/latex/base/ifthen.sty)
(/usr/local/texlive/2018/texmf-dist/tex/latex/tools/longtable.sty)
(/usr/local/texlive/2018/texmf-dist/tex/latex/tools/bm.sty)
(/usr/local/texlive/2018/texmf-dist/tex/latex/base/alltt.sty)
(/usr/local/texlive/2018/texmf-dist/tex/latex/tools/verbatim.sty)
(/usr/local/texlive/2018/texmf-dist/tex/latex/url/url.sty)
(/usr/local/texlive/2018/texmf-dist/tex/latex/base/textcomp.sty
(/usr/local/texlive/2018/texmf-dist/tex/latex/base/ts1enc.def
(/usr/local/texlive/2018/texmf-dist/tex/latex/base/ts1enc.dfu)))
(/usr/local/texlive/2018/texmf-dist/tex/latex/base/fontenc.sty
(/usr/local/texlive/2018/texmf-dist/tex/latex/base/t1enc.def))
(/usr/local/texlive/2018/texmf-dist/tex/latex/psnfss/times.sty))
(/usr/local/texlive/2018/texmf-dist/tex/latex/base/inputenc.sty)
No file Rd2.aux.
(/usr/local/texlive/2018/texmf-dist/tex/latex/base/ts1cmr.fd)
(/usr/local/texlive/2018/texmf-dist/tex/latex/psnfss/t1ptm.fd)
(/usr/local/texlive/2018/texmf-dist/tex/latex/psnfss/t1pcr.fd)
(/usr/local/texlive/2018/texmf-dist/tex/latex/psnfss/t1phv.fd)
No file Rd2.toc.
[1{/usr/local/texlive/2018/texmf-var/fonts/map/pdftex/updmap/pdftex.map}]
Overfull \hbox (1.51758pt too wide) in paragraph at lines 75--79
[]\T1/ptm/m/n/10 * data: for a data with n ob-ser-va-tions and p+q vari-ables (
with sub-groups of sizes (q1, q2), q=q1+q2),

Overfull \hbox (4.38043pt too wide) in paragraph at lines 121--121
 []\T1/pcr/m/n/9 fixed_num = 1, label_names = list(Z1 = c("z1", "z2"), Z2 = c("
z3", "z4")))[] 
[2]
! Undefined control sequence.
<argument> \hat {u}=\underset 
                              {u \in \Delta }{argmin}\parallel \sum _{d=1}^D...
l.169 0, \parallel u \parallel_1=1\}}{}
                                        Then produce the final ensemble pred...

[3] [4] [5]
Overfull \hbox (50.18701pt too wide) in paragraph at lines 341--345
[]\T1/ptm/m/n/10 The value of beta_exp can be "min"=$\OML/cmm/m/it/10 min\OMS/c
msy/m/n/10 f\OML/cmm/m/it/10 RSS\OMS/cmsy/m/n/10 g[]\OML/cmm/m/it/10 =\OT1/cmr/
m/n/10 10$\T1/ptm/m/n/10 , "med"=$\OML/cmm/m/it/10 median\OMS/cmsy/m/n/10 f\OML
/cmm/m/it/10 RSS\OMS/cmsy/m/n/10 g[]$\T1/ptm/m/n/10 , "max"=$\OML/cmm/m/it/10 m
ax\OMS/cmsy/m/n/10 f\OML/cmm/m/it/10 RSS\OMS/cmsy/m/n/10 g[] ^^C
[6]
! Undefined control sequence.
<argument> \hat {u}=\underset 
                              {u \in \Delta }{argmin}\parallel \sum _{d=1}^D...
l.413 0, \parallel u \parallel_1=1\}}{}
                                        Then produce the final ensemble pred...

[7] [8]
Overfull \hbox (30.78088pt too wide) in paragraph at lines 523--523
 []\T1/pcr/m/n/10 estimation(Y, X, Z1, Z2, kern_list, mode = "loocv", strategy 
= "stack",[] 
[9]
Overfull \hbox (15.18042pt too wide) in paragraph at lines 597--597
 []\T1/pcr/m/n/9 mode = "loocv", strategy = "stack", beta_exp = 1, lambda = exp
(seq(-10, 5)))[] 

Overfull \hbox (6.78088pt too wide) in paragraph at lines 612--612
 []\T1/pcr/m/n/10 generate_data(n, fixed_num = 1, label_names = NULL, method = 
"rbf",[] 
[10] [11] [12] [13] [14] [15] [16] [17]
(/usr/local/texlive/2018/texmf-dist/tex/latex/psnfss/ts1ptm.fd) [18]
Overfull \hbox (48.78088pt too wide) in paragraph at lines 1172--1172
 []\T1/pcr/m/n/10 testing(formula_int, label_names, Y, X, Z1, Z2, kern_list, mo
de = "loocv",[] 

Overfull \hbox (36.78088pt too wide) in paragraph at lines 1173--1173
 []  \T1/pcr/m/n/10 strategy = "stack", beta_exp = 1, test = "boot", lambda = e
xp(seq(-10,[] 
[19]

! Package inputenc Error: Unicode character ̊ (U+30A)
(inputenc)                not set up for use with LaTeX.

See the inputenc package documentation for explanation.
Type  H <return>  for immediate help.
 ...                                              
                                                  
l.1256 Petra Bu ̊
                  zˇkova ́, Thomas Lumley, and Kenneth Rice. Permutation and

! Package inputenc Error: Unicode character ́ (U+301)
(inputenc)                not set up for use with LaTeX.

See the inputenc package documentation for explanation.
Type  H <return>  for immediate help.
 ...                                              
                                                  
l.1256 Petra Bu ̊zˇkova ́
                            , Thomas Lumley, and Kenneth Rice. Permutation and
[20]
Overfull \hbox (30.78088pt too wide) in paragraph at lines 1294--1294
 []\T1/pcr/m/n/10 test_asym(n, Y, X, Z12, y_fixed, alpha0, K_ens, sigma2_hat, t
au_hat, B)[] 
[21]

! Package inputenc Error: Unicode character ̊ (U+30A)
(inputenc)                not set up for use with LaTeX.

See the inputenc package documentation for explanation.
Type  H <return>  for immediate help.
 ...                                              
                                                  
l.1352 Petra Bu ̊
                  zˇkova ́, Thomas Lumley, and Kenneth Rice. Permutation and

! Package inputenc Error: Unicode character ́ (U+301)
(inputenc)                not set up for use with LaTeX.

See the inputenc package documentation for explanation.
Type  H <return>  for immediate help.
 ...                                              
                                                  
l.1352 Petra Bu ̊zˇkova ́
                            , Thomas Lumley, and Kenneth Rice. Permutation and

Overfull \hbox (30.78088pt too wide) in paragraph at lines 1374--1374
 []\T1/pcr/m/n/10 test_boot(n, Y, X, Z12, y_fixed, alpha0, K_ens, sigma2_hat, t
au_hat, B)[] 
[22]

! Package inputenc Error: Unicode character ̊ (U+30A)
(inputenc)                not set up for use with LaTeX.

See the inputenc package documentation for explanation.
Type  H <return>  for immediate help.
 ...                                              
                                                  
l.1433 Petra Bu ̊
                  zˇkova ́, Thomas Lumley, and Kenneth Rice. Permutation and

! Package inputenc Error: Unicode character ́ (U+301)
(inputenc)                not set up for use with LaTeX.

See the inputenc package documentation for explanation.
Type  H <return>  for immediate help.
 ...                                              
                                                  
l.1433 Petra Bu ̊zˇkova ́
                            , Thomas Lumley, and Kenneth Rice. Permutation and
[23]
! Undefined control sequence.
<argument> \lambda _{n-CV}=\underset 
                                     {\lambda \in \Lambda }{argmin}\;\Big \{...
l.1483 \frac{1}{n}I]^{-1}y^\star \Big\}}{}
                                          
! Undefined control sequence.
<argument> \lambda _{AIC}=\underset 
                                    {\lambda \in \Lambda }{argmin}\Big \{log...
l.1488 ...ar+\frac{2[tr(A_\lambda)+2]}{n}\Big\}}{}
                                                  
! Undefined control sequence.
<argument> \lambda _{AICc}=\underset 
                                     {\lambda \in \Lambda }{argmin}\Big \{lo...
l.1494 ...\lambda)+2]}{n-tr(A_\lambda)-3}\Big\}}{}
                                                  
! Undefined control sequence.
<argument> \lambda _{BIC}=\underset 
                                    {\lambda \in \Lambda }{argmin}\Big \{log...
l.1499 ...rac{log(n)[tr(A_\lambda)+2]}{n}\Big\}}{}
                                                  
! Undefined control sequence.
<argument> \lambda _{GCV}=\underset 
                                    {\lambda \in \Lambda }{argmin}\Big \{log...
l.1505 ...r(A_\lambda)}{n}-\frac{1}{n}]_+\Big\}}{}
                                                  
! Undefined control sequence.
<argument> \lambda _{GCVc}=\underset 
                                     {\lambda \in \Lambda }{argmin}\Big \{lo...
l.1511 ...r(A_\lambda)}{n}-\frac{2}{n}]_+\Big\}}{}
                                                  
! Undefined control sequence.
<argument> \lambda _{GMPML}=\underset 
                                      {\lambda \in \Lambda }{argmin}\Big \{l...
l.1517 \Big\}}{}
                
[24] [25]
! Undefined control sequence.
<argument> \lambda _{AIC}=\underset 
                                    {\lambda \in \Lambda }{argmin}\Big \{log...
l.1595 ...ar+\frac{2[tr(A_\lambda)+2]}{n}\Big\}}{}
                                                  
[26]
! Undefined control sequence.
<argument> \lambda _{AICc}=\underset 
                                     {\lambda \in \Lambda }{argmin}\Big \{lo...
l.1661 ...\lambda)+2]}{n-tr(A_\lambda)-3}\Big\}}{}
                                                  
[27]
! Undefined control sequence.
<argument> \lambda _{BIC}=\underset 
                                    {\lambda \in \Lambda }{argmin}\Big \{log...
l.1726 ...rac{log(n)[tr(A_\lambda)+2]}{n}\Big\}}{}
                                                  
[28]
! Undefined control sequence.
<argument> \lambda _{GCV}=\underset 
                                    {\lambda \in \Lambda }{argmin}\Big \{log...
l.1792 ...r(A_\lambda)}{n}-\frac{1}{n}]_+\Big\}}{}
                                                  
[29]
! Undefined control sequence.
<argument> \lambda _{GCVc}=\underset 
                                     {\lambda \in \Lambda }{argmin}\Big \{lo...
l.1858 ...r(A_\lambda)}{n}-\frac{2}{n}]_+\Big\}}{}
                                                  
[30]
! Undefined control sequence.
<argument> \lambda _{GMPML}=\underset 
                                      {\lambda \in \Lambda }{argmin}\Big \{l...
l.1925 \Big\}}{}
                
[31]
! Undefined control sequence.
<argument> \lambda _{n-CV}=\underset 
                                     {\lambda \in \Lambda }{argmin}\;\Big \{...
l.1992 \frac{1}{n}I]^{-1}y^\star \Big\}}{}
                                          
[32] (./Rd2.aux) )
(see the transcript file for additional information){/usr/local/texlive/2018/te
xmf-dist/fonts/enc/dvips/base/8r.enc}</usr/local/texlive/2018/texmf-dist/fonts/
type1/public/amsfonts/cm/cmex10.pfb></usr/local/texlive/2018/texmf-dist/fonts/t
ype1/public/amsfonts/cm/cmmi10.pfb></usr/local/texlive/2018/texmf-dist/fonts/ty
pe1/public/amsfonts/cm/cmmi5.pfb></usr/local/texlive/2018/texmf-dist/fonts/type
1/public/amsfonts/cm/cmmi7.pfb></usr/local/texlive/2018/texmf-dist/fonts/type1/
public/amsfonts/cm/cmr10.pfb></usr/local/texlive/2018/texmf-dist/fonts/type1/pu
blic/amsfonts/cm/cmr7.pfb></usr/local/texlive/2018/texmf-dist/fonts/type1/publi
c/amsfonts/cm/cmsy10.pfb></usr/local/texlive/2018/texmf-dist/fonts/type1/public
/amsfonts/cm/cmsy7.pfb></usr/local/texlive/2018/texmf-dist/fonts/type1/urw/cour
ier/ucrr8a.pfb></usr/local/texlive/2018/texmf-dist/fonts/type1/urw/helvetic/uhv
r8a.pfb></usr/local/texlive/2018/texmf-dist/fonts/type1/urw/times/utmb8a.pfb></
usr/local/texlive/2018/texmf-dist/fonts/type1/urw/times/utmr8a.pfb></usr/local/
texlive/2018/texmf-dist/fonts/type1/urw/times/utmr8a.pfb></usr/local/texlive/20
18/texmf-dist/fonts/type1/urw/times/utmri8a.pfb>
Output written on Rd2.pdf (32 pages, 211862 bytes).
Transcript written on Rd2.log.
Error in texi2dvi(file = file, pdf = TRUE, clean = clean, quiet = quiet,  : 
  unable to run 'pdflatex' on 'Rd2.tex'
This is pdfTeX, Version 3.14159265-2.6-1.40.19 (TeX Live 2018) (preloaded format=pdflatex)
 restricted \write18 enabled.
entering extended mode
(./Rd2.tex
LaTeX2e <2018-04-01> patch level 2
Babel <3.18> and hyphenation patterns for 84 language(s) loaded.

(/usr/local/texlive/2018/texmf-dist/tex/latex/base/book.cls
Document Class: book 2014/09/29 v1.4h Standard LaTeX document class
(/usr/local/texlive/2018/texmf-dist/tex/latex/base/bk10.clo))
(/Library/Frameworks/R.framework/Resources/share/texmf/tex/latex/Rd.sty
(/usr/local/texlive/2018/texmf-dist/tex/latex/base/ifthen.sty)
(/usr/local/texlive/2018/texmf-dist/tex/latex/tools/longtable.sty)
(/usr/local/texlive/2018/texmf-dist/tex/latex/tools/bm.sty)
(/usr/local/texlive/2018/texmf-dist/tex/latex/base/alltt.sty)
(/usr/local/texlive/2018/texmf-dist/tex/latex/tools/verbatim.sty)
(/usr/local/texlive/2018/texmf-dist/tex/latex/url/url.sty)
(/usr/local/texlive/2018/texmf-dist/tex/latex/base/textcomp.sty
(/usr/local/texlive/2018/texmf-dist/tex/latex/base/ts1enc.def
(/usr/local/texlive/2018/texmf-dist/tex/latex/base/ts1enc.dfu)))
(/usr/local/texlive/2018/texmf-dist/tex/latex/base/fontenc.sty
(/usr/local/texlive/2018/texmf-dist/tex/latex/base/t1enc.def))
(/usr/local/texlive/2018/texmf-dist/tex/latex/psnfss/times.sty))
(/usr/local/texlive/2018/texmf-dist/tex/latex/base/inputenc.sty) (./Rd2.aux)
(/usr/local/texlive/2018/texmf-dist/tex/latex/base/ts1cmr.fd)
(/usr/local/texlive/2018/texmf-dist/tex/latex/psnfss/t1ptm.fd)
(/usr/local/texlive/2018/texmf-dist/tex/latex/psnfss/t1pcr.fd)
(/usr/local/texlive/2018/texmf-dist/tex/latex/psnfss/t1phv.fd) (./Rd2.toc
[1{/usr/local/texlive/2018/texmf-var/fonts/map/pdftex/updmap/pdftex.map}])
Overfull \hbox (1.51758pt too wide) in paragraph at lines 75--79
[]\T1/ptm/m/n/10 * data: for a data with n ob-ser-va-tions and p+q vari-ables (
with sub-groups of sizes (q1, q2), q=q1+q2),
[2]
Overfull \hbox (4.38043pt too wide) in paragraph at lines 121--121
 []\T1/pcr/m/n/9 fixed_num = 1, label_names = list(Z1 = c("z1", "z2"), Z2 = c("
z3", "z4")))[] 
[3]
! Undefined control sequence.
<argument> \hat {u}=\underset 
                              {u \in \Delta }{argmin}\parallel \sum _{d=1}^D...
l.169 0, \parallel u \parallel_1=1\}}{}
                                        Then produce the final ensemble pred...

[4] [5]
Overfull \hbox (50.18701pt too wide) in paragraph at lines 341--345
[]\T1/ptm/m/n/10 The value of beta_exp can be "min"=$\OML/cmm/m/it/10 min\OMS/c
msy/m/n/10 f\OML/cmm/m/it/10 RSS\OMS/cmsy/m/n/10 g[]\OML/cmm/m/it/10 =\OT1/cmr/
m/n/10 10$\T1/ptm/m/n/10 , "med"=$\OML/cmm/m/it/10 median\OMS/cmsy/m/n/10 f\OML
/cmm/m/it/10 RSS\OMS/cmsy/m/n/10 g[]$\T1/ptm/m/n/10 , "max"=$\OML/cmm/m/it/10 m
ax\OMS/cmsy/m/n/10 f\OML/cmm/m/it/10 RSS\OMS/cmsy/m/n/10 g[] ^^C
[6]
! Undefined control sequence.
<argument> \hat {u}=\underset 
                              {u \in \Delta }{argmin}\parallel \sum _{d=1}^D...
l.413 0, \parallel u \parallel_1=1\}}{}
                                        Then produce the final ensemble pred...

[7] [8]
Overfull \hbox (30.78088pt too wide) in paragraph at lines 523--523
 []\T1/pcr/m/n/10 estimation(Y, X, Z1, Z2, kern_list, mode = "loocv", strategy 
= "stack",[] 
[9] [10]
Overfull \hbox (15.18042pt too wide) in paragraph at lines 597--597
 []\T1/pcr/m/n/9 mode = "loocv", strategy = "stack", beta_exp = 1, lambda = exp
(seq(-10, 5)))[] 

Overfull \hbox (6.78088pt too wide) in paragraph at lines 612--612
 []\T1/pcr/m/n/10 generate_data(n, fixed_num = 1, label_names = NULL, method = 
"rbf",[] 
[11] [12] [13] [14] [15] [16] [17] [18]
(/usr/local/texlive/2018/texmf-dist/tex/latex/psnfss/ts1ptm.fd) [19]
Overfull \hbox (48.78088pt too wide) in paragraph at lines 1172--1172
 []\T1/pcr/m/n/10 testing(formula_int, label_names, Y, X, Z1, Z2, kern_list, mo
de = "loocv",[] 

Overfull \hbox (36.78088pt too wide) in paragraph at lines 1173--1173
 []  \T1/pcr/m/n/10 strategy = "stack", beta_exp = 1, test = "boot", lambda = e
xp(seq(-10,[] 
[20]

! Package inputenc Error: Unicode character ̊ (U+30A)
(inputenc)                not set up for use with LaTeX.

See the inputenc package documentation for explanation.
Type  H <return>  for immediate help.
 ...                                              
                                                  
l.1256 Petra Bu ̊
                  zˇkova ́, Thomas Lumley, and Kenneth Rice. Permutation and

! Package inputenc Error: Unicode character ́ (U+301)
(inputenc)                not set up for use with LaTeX.

See the inputenc package documentation for explanation.
Type  H <return>  for immediate help.
 ...                                              
                                                  
l.1256 Petra Bu ̊zˇkova ́
                            , Thomas Lumley, and Kenneth Rice. Permutation and
[21]
Overfull \hbox (30.78088pt too wide) in paragraph at lines 1294--1294
 []\T1/pcr/m/n/10 test_asym(n, Y, X, Z12, y_fixed, alpha0, K_ens, sigma2_hat, t
au_hat, B)[] 
[22]

! Package inputenc Error: Unicode character ̊ (U+30A)
(inputenc)                not set up for use with LaTeX.

See the inputenc package documentation for explanation.
Type  H <return>  for immediate help.
 ...                                              
                                                  
l.1352 Petra Bu ̊
                  zˇkova ́, Thomas Lumley, and Kenneth Rice. Permutation and

! Package inputenc Error: Unicode character ́ (U+301)
(inputenc)                not set up for use with LaTeX.

See the inputenc package documentation for explanation.
Type  H <return>  for immediate help.
 ...                                              
                                                  
l.1352 Petra Bu ̊zˇkova ́
                            , Thomas Lumley, and Kenneth Rice. Permutation and

Overfull \hbox (30.78088pt too wide) in paragraph at lines 1374--1374
 []\T1/pcr/m/n/10 test_boot(n, Y, X, Z12, y_fixed, alpha0, K_ens, sigma2_hat, t
au_hat, B)[] 
[23]

! Package inputenc Error: Unicode character ̊ (U+30A)
(inputenc)                not set up for use with LaTeX.

See the inputenc package documentation for explanation.
Type  H <return>  for immediate help.
 ...                                              
                                                  
l.1433 Petra Bu ̊
                  zˇkova ́, Thomas Lumley, and Kenneth Rice. Permutation and

! Package inputenc Error: Unicode character ́ (U+301)
(inputenc)                not set up for use with LaTeX.

See the inputenc package documentation for explanation.
Type  H <return>  for immediate help.
 ...                                              
                                                  
l.1433 Petra Bu ̊zˇkova ́
                            , Thomas Lumley, and Kenneth Rice. Permutation and
[24]
! Undefined control sequence.
<argument> \lambda _{n-CV}=\underset 
                                     {\lambda \in \Lambda }{argmin}\;\Big \{...
l.1483 \frac{1}{n}I]^{-1}y^\star \Big\}}{}
                                          
! Undefined control sequence.
<argument> \lambda _{AIC}=\underset 
                                    {\lambda \in \Lambda }{argmin}\Big \{log...
l.1488 ...ar+\frac{2[tr(A_\lambda)+2]}{n}\Big\}}{}
                                                  
! Undefined control sequence.
<argument> \lambda _{AICc}=\underset 
                                     {\lambda \in \Lambda }{argmin}\Big \{lo...
l.1494 ...\lambda)+2]}{n-tr(A_\lambda)-3}\Big\}}{}
                                                  
! Undefined control sequence.
<argument> \lambda _{BIC}=\underset 
                                    {\lambda \in \Lambda }{argmin}\Big \{log...
l.1499 ...rac{log(n)[tr(A_\lambda)+2]}{n}\Big\}}{}
                                                  
! Undefined control sequence.
<argument> \lambda _{GCV}=\underset 
                                    {\lambda \in \Lambda }{argmin}\Big \{log...
l.1505 ...r(A_\lambda)}{n}-\frac{1}{n}]_+\Big\}}{}
                                                  
! Undefined control sequence.
<argument> \lambda _{GCVc}=\underset 
                                     {\lambda \in \Lambda }{argmin}\Big \{lo...
l.1511 ...r(A_\lambda)}{n}-\frac{2}{n}]_+\Big\}}{}
                                                  
! Undefined control sequence.
<argument> \lambda _{GMPML}=\underset 
                                      {\lambda \in \Lambda }{argmin}\Big \{l...
l.1517 \Big\}}{}
                
[25] [26]
! Undefined control sequence.
<argument> \lambda _{AIC}=\underset 
                                    {\lambda \in \Lambda }{argmin}\Big \{log...
l.1595 ...ar+\frac{2[tr(A_\lambda)+2]}{n}\Big\}}{}
                                                  
[27]
! Undefined control sequence.
<argument> \lambda _{AICc}=\underset 
                                     {\lambda \in \Lambda }{argmin}\Big \{lo...
l.1661 ...\lambda)+2]}{n-tr(A_\lambda)-3}\Big\}}{}
                                                  
[28]
! Undefined control sequence.
<argument> \lambda _{BIC}=\underset 
                                    {\lambda \in \Lambda }{argmin}\Big \{log...
l.1726 ...rac{log(n)[tr(A_\lambda)+2]}{n}\Big\}}{}
                                                  
[29]
! Undefined control sequence.
<argument> \lambda _{GCV}=\underset 
                                    {\lambda \in \Lambda }{argmin}\Big \{log...
l.1792 ...r(A_\lambda)}{n}-\frac{1}{n}]_+\Big\}}{}
                                                  
[30]
! Undefined control sequence.
<argument> \lambda _{GCVc}=\underset 
                                     {\lambda \in \Lambda }{argmin}\Big \{lo...
l.1858 ...r(A_\lambda)}{n}-\frac{2}{n}]_+\Big\}}{}
                                                  
[31]
! Undefined control sequence.
<argument> \lambda _{GMPML}=\underset 
                                      {\lambda \in \Lambda }{argmin}\Big \{l...
l.1925 \Big\}}{}
                
[32]
! Undefined control sequence.
<argument> \lambda _{n-CV}=\underset 
                                     {\lambda \in \Lambda }{argmin}\;\Big \{...
l.1992 \frac{1}{n}I]^{-1}y^\star \Big\}}{}
                                          
[33] (./Rd2.aux) )
(see the transcript file for additional information){/usr/local/texlive/2018/te
xmf-dist/fonts/enc/dvips/base/8r.enc}</usr/local/texlive/2018/texmf-dist/fonts/
type1/public/amsfonts/cm/cmex10.pfb></usr/local/texlive/2018/texmf-dist/fonts/t
ype1/public/amsfonts/cm/cmmi10.pfb></usr/local/texlive/2018/texmf-dist/fonts/ty
pe1/public/amsfonts/cm/cmmi5.pfb></usr/local/texlive/2018/texmf-dist/fonts/type
1/public/amsfonts/cm/cmmi7.pfb></usr/local/texlive/2018/texmf-dist/fonts/type1/
public/amsfonts/cm/cmr10.pfb></usr/local/texlive/2018/texmf-dist/fonts/type1/pu
blic/amsfonts/cm/cmr7.pfb></usr/local/texlive/2018/texmf-dist/fonts/type1/publi
c/amsfonts/cm/cmsy10.pfb></usr/local/texlive/2018/texmf-dist/fonts/type1/public
/amsfonts/cm/cmsy7.pfb></usr/local/texlive/2018/texmf-dist/fonts/type1/urw/cour
ier/ucrr8a.pfb></usr/local/texlive/2018/texmf-dist/fonts/type1/urw/helvetic/uhv
r8a.pfb></usr/local/texlive/2018/texmf-dist/fonts/type1/urw/times/utmb8a.pfb></
usr/local/texlive/2018/texmf-dist/fonts/type1/urw/times/utmr8a.pfb></usr/local/
texlive/2018/texmf-dist/fonts/type1/urw/times/utmr8a.pfb></usr/local/texlive/20
18/texmf-dist/fonts/type1/urw/times/utmri8a.pfb>
Output written on Rd2.pdf (33 pages, 212606 bytes).
Transcript written on Rd2.log.
Error in texi2dvi(file = file, pdf = TRUE, clean = clean, quiet = quiet,  : 
  unable to run 'pdflatex' on 'Rd2.tex'
Error in running tools::texi2pdf()
You may want to clean up by 'rm -Rf /var/folders/d0/0zfzy45x3v16b7pxkgx8llg40000gn/T//RtmpMBYdWB/Rd2pdf4507727d014d'
